  Animation.cpp
f:\current year work\networking\1700792_hugh tyson cmp303\1700792_hugh tyson cmp303\animation.cpp(21): warning C4267: 'return': conversion from 'size_t' to 'int', possible loss of data
  Arrow.cpp
f:\current year work\networking\1700792_hugh tyson cmp303\1700792_hugh tyson cmp303\arrow.cpp(45): warning C4244: 'argument': conversion from 'int' to 'T', possible loss of data
          with
          [
              T=float
          ]
  AudioManager.cpp
  Ball.cpp
f:\current year work\networking\1700792_hugh tyson cmp303\1700792_hugh tyson cmp303\ball.cpp(72): warning C4305: '*=': truncation from 'double' to 'float'
f:\current year work\networking\1700792_hugh tyson cmp303\1700792_hugh tyson cmp303\ball.cpp(100): warning C4244: '=': conversion from 'int' to 'float', possible loss of data
f:\current year work\networking\1700792_hugh tyson cmp303\1700792_hugh tyson cmp303\ball.cpp(101): warning C4244: '=': conversion from 'int' to 'float', possible loss of data
f:\current year work\networking\1700792_hugh tyson cmp303\1700792_hugh tyson cmp303\ball.cpp(112): warning C4244: '=': conversion from 'int' to 'float', possible loss of data
f:\current year work\networking\1700792_hugh tyson cmp303\1700792_hugh tyson cmp303\ball.cpp(113): warning C4244: '=': conversion from 'int' to 'float', possible loss of data
f:\current year work\networking\1700792_hugh tyson cmp303\1700792_hugh tyson cmp303\ball.cpp(188): warning C4244: 'argument': conversion from 'T' to 'float', possible loss of data
          with
          [
              T=unsigned int
          ]
f:\current year work\networking\1700792_hugh tyson cmp303\1700792_hugh tyson cmp303\ball.cpp(200): warning C4244: 'argument': conversion from 'T' to 'float', possible loss of data
          with
          [
              T=unsigned int
          ]
  Button.cpp
  Collision.cpp
  Cursor.cpp
f:\current year work\networking\1700792_hugh tyson cmp303\1700792_hugh tyson cmp303\cursor.cpp(43): warning C4244: 'argument': conversion from 'int' to 'float', possible loss of data
f:\current year work\networking\1700792_hugh tyson cmp303\1700792_hugh tyson cmp303\cursor.cpp(56): warning C4244: 'argument': conversion from 'int' to 'float', possible loss of data
  GameState.cpp
  Hole.cpp
f:\current year work\networking\1700792_hugh tyson cmp303\1700792_hugh tyson cmp303\hole.cpp(64): warning C4390: ';': empty controlled statement found; is this the intent?
  Input.cpp
  Level1_State.cpp
f:\current year work\networking\1700792_hugh tyson cmp303\1700792_hugh tyson cmp303\level1_state.cpp(219): warning C4244: 'argument': conversion from 'float' to 'int', possible loss of data
f:\current year work\networking\1700792_hugh tyson cmp303\1700792_hugh tyson cmp303\level1_state.cpp(313): warning C4267: 'initializing': conversion from 'size_t' to 'int', possible loss of data
f:\current year work\networking\1700792_hugh tyson cmp303\1700792_hugh tyson cmp303\level1_state.cpp(359): warning C4244: '=': conversion from 'double' to 'float', possible loss of data
f:\current year work\networking\1700792_hugh tyson cmp303\1700792_hugh tyson cmp303\level1_state.cpp(360): warning C4244: '=': conversion from 'double' to 'float', possible loss of data
f:\current year work\networking\1700792_hugh tyson cmp303\1700792_hugh tyson cmp303\level1_state.cpp(311): warning C4101: 'predicted_y': unreferenced local variable
f:\current year work\networking\1700792_hugh tyson cmp303\1700792_hugh tyson cmp303\level1_state.cpp(308): warning C4101: 'x_change': unreferenced local variable
f:\current year work\networking\1700792_hugh tyson cmp303\1700792_hugh tyson cmp303\level1_state.cpp(310): warning C4101: 'predicted_x': unreferenced local variable
f:\current year work\networking\1700792_hugh tyson cmp303\1700792_hugh tyson cmp303\level1_state.cpp(309): warning C4101: 'y_change': unreferenced local variable
f:\current year work\networking\1700792_hugh tyson cmp303\1700792_hugh tyson cmp303\level1_state.cpp(391): warning C4267: 'initializing': conversion from 'size_t' to 'int', possible loss of data
f:\current year work\networking\1700792_hugh tyson cmp303\1700792_hugh tyson cmp303\level1_state.cpp(404): warning C4244: 'argument': conversion from 'const T' to 'int', possible loss of data
          with
          [
              T=float
          ]
f:\current year work\networking\1700792_hugh tyson cmp303\1700792_hugh tyson cmp303\level1_state.cpp(417): warning C4244: 'argument': conversion from 'float' to 'int', possible loss of data
f:\current year work\networking\1700792_hugh tyson cmp303\1700792_hugh tyson cmp303\level1_state.cpp(434): warning C4244: '=': conversion from 'double' to 'float', possible loss of data
f:\current year work\networking\1700792_hugh tyson cmp303\1700792_hugh tyson cmp303\level1_state.cpp(435): warning C4244: '=': conversion from 'double' to 'float', possible loss of data
f:\current year work\networking\1700792_hugh tyson cmp303\1700792_hugh tyson cmp303\level1_state.cpp(437): warning C4244: 'argument': conversion from 'float' to 'int', possible loss of data
f:\current year work\networking\1700792_hugh tyson cmp303\1700792_hugh tyson cmp303\level1_state.cpp(388): warning C4101: 'predicted_y': unreferenced local variable
f:\current year work\networking\1700792_hugh tyson cmp303\1700792_hugh tyson cmp303\level1_state.cpp(385): warning C4101: 'x_change': unreferenced local variable
f:\current year work\networking\1700792_hugh tyson cmp303\1700792_hugh tyson cmp303\level1_state.cpp(387): warning C4101: 'predicted_x': unreferenced local variable
f:\current year work\networking\1700792_hugh tyson cmp303\1700792_hugh tyson cmp303\level1_state.cpp(386): warning C4101: 'y_change': unreferenced local variable
f:\current year work\networking\1700792_hugh tyson cmp303\1700792_hugh tyson cmp303\level1_state.cpp(519): warning C4267: '=': conversion from 'size_t' to 'int', possible loss of data
  Lobby_State.cpp
  Main.cpp
  Menu_State.cpp
f:\current year work\networking\1700792_hugh tyson cmp303\1700792_hugh tyson cmp303\menu_state.cpp(93): warning C4244: 'argument': conversion from 'float' to 'int', possible loss of data
  MusicObject.cpp
  MySprite.cpp
  NetworkingManager.cpp
f:\current year work\networking\1700792_hugh tyson cmp303\1700792_hugh tyson cmp303\networkingmanager.cpp(7): warning C4305: '=': truncation from 'double' to 'float'
  Packets.cpp
  SceneApp.cpp
f:\current year work\networking\1700792_hugh tyson cmp303\1700792_hugh tyson cmp303\sceneapp.cpp(30): warning C4244: 'argument': conversion from 'int' to 'float', possible loss of data
f:\current year work\networking\1700792_hugh tyson cmp303\1700792_hugh tyson cmp303\sceneapp.cpp(31): warning C4244: 'argument': conversion from 'int' to 'float', possible loss of data
f:\current year work\networking\1700792_hugh tyson cmp303\1700792_hugh tyson cmp303\sceneapp.cpp(34): warning C4244: 'argument': conversion from 'float' to 'int', possible loss of data
  Select_Players_State.cpp
f:\current year work\networking\1700792_hugh tyson cmp303\1700792_hugh tyson cmp303\select_players_state.cpp(81): warning C4244: 'argument': conversion from 'float' to 'int', possible loss of data
  Compiling...
  Server.cpp
f:\current year work\networking\1700792_hugh tyson cmp303\1700792_hugh tyson cmp303\server.cpp(45): warning C4305: '=': truncation from 'double' to 'float'
  Sound.cpp
  TileMap.cpp
  Vector.cpp
f:\current year work\networking\1700792_hugh tyson cmp303\1700792_hugh tyson cmp303\vector.cpp(11): warning C4244: 'initializing': conversion from 'double' to 'float', possible loss of data
f:\current year work\networking\1700792_hugh tyson cmp303\1700792_hugh tyson cmp303\vector.cpp(20): warning C4244: 'return': conversion from 'double' to 'float', possible loss of data
sfml-graphics.lib(sfml-graphics-2.dll) : fatal error LNK1112: module machine type 'x86' conflicts with target machine type 'x64'
